<?xml version="1.0" encoding="UTF-8" ?>
<testsuite failures="0" time="0.557" errors="0" skipped="0" tests="1" name="moer.meetup.persistence.MeetingMapperTest">
  <properties>
    <property name="java.runtime.name" value="Java(TM) SE Runtime Environment"/>
    <property name="sun.boot.library.path" value="/System/Library/Java/JavaVirtualMachines/1.6.0.jdk/Contents/Libraries"/>
    <property name="java.vm.version" value="20.4-b02-402"/>
    <property name="awt.nativeDoubleBuffering" value="true"/>
    <property name="gopherProxySet" value="false"/>
    <property name="mrj.build" value="11M3527"/>
    <property name="java.vm.vendor" value="Apple Inc."/>
    <property name="java.vendor.url" value="http://www.apple.com/"/>
    <property name="path.separator" value=":"/>
    <property name="java.vm.name" value="Java HotSpot(TM) 64-Bit Server VM"/>
    <property name="file.encoding.pkg" value="sun.io"/>
    <property name="user.country" value="KR"/>
    <property name="sun.java.launcher" value="SUN_STANDARD"/>
    <property name="sun.os.patch.level" value="unknown"/>
    <property name="java.vm.specification.name" value="Java Virtual Machine Specification"/>
    <property name="user.dir" value="/Users/moer/dev/workspace.sts/meet-up"/>
    <property name="java.runtime.version" value="1.6.0_29-b11-402-11M3527"/>
    <property name="java.awt.graphicsenv" value="apple.awt.CGraphicsEnvironment"/>
    <property name="basedir" value="/Users/moer/dev/workspace.sts/meet-up"/>
    <property name="java.endorsed.dirs" value="/System/Library/Java/JavaVirtualMachines/1.6.0.jdk/Contents/Home/lib/endorsed"/>
    <property name="os.arch" value="x86_64"/>
    <property name="surefire.real.class.path" value="/Users/moer/dev/workspace.sts/meet-up/target/surefire/surefirebooter558216009515256874.jar"/>
    <property name="java.io.tmpdir" value="/var/folders/n4/9qhxsr6j4hv5bffpxh863cbm0000gn/T/"/>
    <property name="line.separator" value="
"/>
    <property name="java.vm.specification.vendor" value="Sun Microsystems Inc."/>
    <property name="os.name" value="Mac OS X"/>
    <property name="sun.jnu.encoding" value="EUC_KR"/>
    <property name="java.library.path" value=".:/Library/Java/Extensions:/System/Library/Java/Extensions:/usr/lib/java"/>
    <property name="surefire.test.class.path" value="/Users/moer/dev/workspace.sts/meet-up/target/test-classes:/Users/moer/dev/workspace.sts/meet-up/target/classes:/Users/moer/.m2/repository/junit/junit/4.10/junit-4.10.jar:/Users/moer/.m2/repository/org/hamcrest/hamcrest-core/1.1/hamcrest-core-1.1.jar:/Users/moer/.m2/repository/org/hamcrest/hamcrest-all/1.1/hamcrest-all-1.1.jar:/Users/moer/.m2/repository/org/springframework/spring-context/3.0.6.RELEASE/spring-context-3.0.6.RELEASE.jar:/Users/moer/.m2/repository/org/springframework/spring-expression/3.0.6.RELEASE/spring-expression-3.0.6.RELEASE.jar:/Users/moer/.m2/repository/org/springframework/spring-asm/3.0.6.RELEASE/spring-asm-3.0.6.RELEASE.jar:/Users/moer/.m2/repository/org/springframework/spring-context-support/3.0.6.RELEASE/spring-context-support-3.0.6.RELEASE.jar:/Users/moer/.m2/repository/org/springframework/spring-beans/3.0.6.RELEASE/spring-beans-3.0.6.RELEASE.jar:/Users/moer/.m2/repository/org/springframework/spring-core/3.0.6.RELEASE/spring-core-3.0.6.RELEASE.jar:/Users/moer/.m2/repository/commons-logging/commons-logging/1.1.1/commons-logging-1.1.1.jar:/Users/moer/.m2/repository/org/springframework/spring-jdbc/3.0.6.RELEASE/spring-jdbc-3.0.6.RELEASE.jar:/Users/moer/.m2/repository/org/springframework/spring-tx/3.0.6.RELEASE/spring-tx-3.0.6.RELEASE.jar:/Users/moer/.m2/repository/org/springframework/spring-test/3.0.6.RELEASE/spring-test-3.0.6.RELEASE.jar:/Users/moer/.m2/repository/org/springframework/spring-aop/3.0.6.RELEASE/spring-aop-3.0.6.RELEASE.jar:/Users/moer/.m2/repository/aopalliance/aopalliance/1.0/aopalliance-1.0.jar:/Users/moer/.m2/repository/org/springframework/spring-web/3.0.6.RELEASE/spring-web-3.0.6.RELEASE.jar:/Users/moer/.m2/repository/org/springframework/spring-webmvc/3.0.6.RELEASE/spring-webmvc-3.0.6.RELEASE.jar:/Users/moer/.m2/repository/org/codehaus/jackson/jackson-core-asl/1.9.1/jackson-core-asl-1.9.1.jar:/Users/moer/.m2/repository/org/codehaus/jackson/jackson-mapper-asl/1.9.1/jackson-mapper-asl-1.9.1.jar:/Users/moer/.m2/repository/org/springframework/spring-dao/2.0.8/spring-dao-2.0.8.jar:/Users/moer/.m2/repository/org/mybatis/mybatis-spring/1.0.1/mybatis-spring-1.0.1.jar:/Users/moer/.m2/repository/javax/servlet/javax.servlet-api/3.0.1/javax.servlet-api-3.0.1.jar:/Users/moer/.m2/repository/javax/servlet/jstl/1.2/jstl-1.2.jar:/Users/moer/.m2/repository/org/slf4j/slf4j-api/1.6.4/slf4j-api-1.6.4.jar:/Users/moer/.m2/repository/org/slf4j/jcl-over-slf4j/1.6.4/jcl-over-slf4j-1.6.4.jar:/Users/moer/.m2/repository/ch/qos/logback/logback-classic/1.0.0/logback-classic-1.0.0.jar:/Users/moer/.m2/repository/ch/qos/logback/logback-core/1.0.0/logback-core-1.0.0.jar:/Users/moer/.m2/repository/org/sonatype/gshell/gshell-io/2.4/gshell-io-2.4.jar:/Users/moer/.m2/repository/org/sonatype/jline/jline/2.2.1/jline-2.2.1.jar:/Users/moer/.m2/repository/mysql/mysql-connector-java/5.1.16/mysql-connector-java-5.1.16.jar:/Users/moer/.m2/repository/org/mybatis/mybatis/3.0.5/mybatis-3.0.5.jar:/Users/moer/.m2/repository/com/google/apis/google-api-services-calendar/v3-1.3.1-beta/google-api-services-calendar-v3-1.3.1-beta.jar:/Users/moer/.m2/repository/com/google/api-client/google-api-client/1.6.0-beta/google-api-client-1.6.0-beta.jar:/Users/moer/.m2/repository/com/google/oauth-client/google-oauth-client/1.6.0-beta/google-oauth-client-1.6.0-beta.jar:/Users/moer/.m2/repository/com/google/http-client/google-http-client/1.6.0-beta/google-http-client-1.6.0-beta.jar:/Users/moer/.m2/repository/com/google/code/gson/gson/1.7.1/gson-1.7.1.jar:/Users/moer/.m2/repository/org/apache/httpcomponents/httpclient/4.0.3/httpclient-4.0.3.jar:/Users/moer/.m2/repository/org/apache/httpcomponents/httpcore/4.0.1/httpcore-4.0.1.jar:/Users/moer/.m2/repository/commons-codec/commons-codec/1.3/commons-codec-1.3.jar:/Users/moer/.m2/repository/xpp3/xpp3/1.1.4c/xpp3-1.1.4c.jar:/Users/moer/.m2/repository/com/google/protobuf/protobuf-java/2.2.0/protobuf-java-2.2.0.jar:/Users/moer/.m2/repository/com/google/code/findbugs/jsr305/1.3.9/jsr305-1.3.9.jar:/Users/moer/.m2/repository/com/google/guava/guava/r09/guava-r09.jar:"/>
    <property name="java.specification.name" value="Java Platform API Specification"/>
    <property name="java.class.version" value="50.0"/>
    <property name="sun.management.compiler" value="HotSpot 64-Bit Tiered Compilers"/>
    <property name="os.version" value="10.7.2"/>
    <property name="http.nonProxyHosts" value="local|*.local|169.254/16|*.169.254/16"/>
    <property name="user.home" value="/Users/moer"/>
    <property name="user.timezone" value="Asia/Seoul"/>
    <property name="java.awt.printerjob" value="apple.awt.CPrinterJob"/>
    <property name="java.specification.version" value="1.6"/>
    <property name="file.encoding" value="EUC_KR"/>
    <property name="user.name" value="moer"/>
    <property name="java.class.path" value="/Users/moer/dev/workspace.sts/meet-up/target/test-classes:/Users/moer/dev/workspace.sts/meet-up/target/classes:/Users/moer/.m2/repository/junit/junit/4.10/junit-4.10.jar:/Users/moer/.m2/repository/org/hamcrest/hamcrest-core/1.1/hamcrest-core-1.1.jar:/Users/moer/.m2/repository/org/hamcrest/hamcrest-all/1.1/hamcrest-all-1.1.jar:/Users/moer/.m2/repository/org/springframework/spring-context/3.0.6.RELEASE/spring-context-3.0.6.RELEASE.jar:/Users/moer/.m2/repository/org/springframework/spring-expression/3.0.6.RELEASE/spring-expression-3.0.6.RELEASE.jar:/Users/moer/.m2/repository/org/springframework/spring-asm/3.0.6.RELEASE/spring-asm-3.0.6.RELEASE.jar:/Users/moer/.m2/repository/org/springframework/spring-context-support/3.0.6.RELEASE/spring-context-support-3.0.6.RELEASE.jar:/Users/moer/.m2/repository/org/springframework/spring-beans/3.0.6.RELEASE/spring-beans-3.0.6.RELEASE.jar:/Users/moer/.m2/repository/org/springframework/spring-core/3.0.6.RELEASE/spring-core-3.0.6.RELEASE.jar:/Users/moer/.m2/repository/commons-logging/commons-logging/1.1.1/commons-logging-1.1.1.jar:/Users/moer/.m2/repository/org/springframework/spring-jdbc/3.0.6.RELEASE/spring-jdbc-3.0.6.RELEASE.jar:/Users/moer/.m2/repository/org/springframework/spring-tx/3.0.6.RELEASE/spring-tx-3.0.6.RELEASE.jar:/Users/moer/.m2/repository/org/springframework/spring-test/3.0.6.RELEASE/spring-test-3.0.6.RELEASE.jar:/Users/moer/.m2/repository/org/springframework/spring-aop/3.0.6.RELEASE/spring-aop-3.0.6.RELEASE.jar:/Users/moer/.m2/repository/aopalliance/aopalliance/1.0/aopalliance-1.0.jar:/Users/moer/.m2/repository/org/springframework/spring-web/3.0.6.RELEASE/spring-web-3.0.6.RELEASE.jar:/Users/moer/.m2/repository/org/springframework/spring-webmvc/3.0.6.RELEASE/spring-webmvc-3.0.6.RELEASE.jar:/Users/moer/.m2/repository/org/codehaus/jackson/jackson-core-asl/1.9.1/jackson-core-asl-1.9.1.jar:/Users/moer/.m2/repository/org/codehaus/jackson/jackson-mapper-asl/1.9.1/jackson-mapper-asl-1.9.1.jar:/Users/moer/.m2/repository/org/springframework/spring-dao/2.0.8/spring-dao-2.0.8.jar:/Users/moer/.m2/repository/org/mybatis/mybatis-spring/1.0.1/mybatis-spring-1.0.1.jar:/Users/moer/.m2/repository/javax/servlet/javax.servlet-api/3.0.1/javax.servlet-api-3.0.1.jar:/Users/moer/.m2/repository/javax/servlet/jstl/1.2/jstl-1.2.jar:/Users/moer/.m2/repository/org/slf4j/slf4j-api/1.6.4/slf4j-api-1.6.4.jar:/Users/moer/.m2/repository/org/slf4j/jcl-over-slf4j/1.6.4/jcl-over-slf4j-1.6.4.jar:/Users/moer/.m2/repository/ch/qos/logback/logback-classic/1.0.0/logback-classic-1.0.0.jar:/Users/moer/.m2/repository/ch/qos/logback/logback-core/1.0.0/logback-core-1.0.0.jar:/Users/moer/.m2/repository/org/sonatype/gshell/gshell-io/2.4/gshell-io-2.4.jar:/Users/moer/.m2/repository/org/sonatype/jline/jline/2.2.1/jline-2.2.1.jar:/Users/moer/.m2/repository/mysql/mysql-connector-java/5.1.16/mysql-connector-java-5.1.16.jar:/Users/moer/.m2/repository/org/mybatis/mybatis/3.0.5/mybatis-3.0.5.jar:/Users/moer/.m2/repository/com/google/apis/google-api-services-calendar/v3-1.3.1-beta/google-api-services-calendar-v3-1.3.1-beta.jar:/Users/moer/.m2/repository/com/google/api-client/google-api-client/1.6.0-beta/google-api-client-1.6.0-beta.jar:/Users/moer/.m2/repository/com/google/oauth-client/google-oauth-client/1.6.0-beta/google-oauth-client-1.6.0-beta.jar:/Users/moer/.m2/repository/com/google/http-client/google-http-client/1.6.0-beta/google-http-client-1.6.0-beta.jar:/Users/moer/.m2/repository/com/google/code/gson/gson/1.7.1/gson-1.7.1.jar:/Users/moer/.m2/repository/org/apache/httpcomponents/httpclient/4.0.3/httpclient-4.0.3.jar:/Users/moer/.m2/repository/org/apache/httpcomponents/httpcore/4.0.1/httpcore-4.0.1.jar:/Users/moer/.m2/repository/commons-codec/commons-codec/1.3/commons-codec-1.3.jar:/Users/moer/.m2/repository/xpp3/xpp3/1.1.4c/xpp3-1.1.4c.jar:/Users/moer/.m2/repository/com/google/protobuf/protobuf-java/2.2.0/protobuf-java-2.2.0.jar:/Users/moer/.m2/repository/com/google/code/findbugs/jsr305/1.3.9/jsr305-1.3.9.jar:/Users/moer/.m2/repository/com/google/guava/guava/r09/guava-r09.jar:"/>
    <property name="java.vm.specification.version" value="1.0"/>
    <property name="sun.arch.data.model" value="64"/>
    <property name="java.home" value="/System/Library/Java/JavaVirtualMachines/1.6.0.jdk/Contents/Home"/>
    <property name="sun.java.command" value="/Users/moer/dev/workspace.sts/meet-up/target/surefire/surefirebooter558216009515256874.jar /Users/moer/dev/workspace.sts/meet-up/target/surefire/surefire1958837597669302720tmp /Users/moer/dev/workspace.sts/meet-up/target/surefire/surefire8364117229178654310tmp"/>
    <property name="java.specification.vendor" value="Sun Microsystems Inc."/>
    <property name="user.language" value="ko"/>
    <property name="awt.toolkit" value="apple.awt.CToolkit"/>
    <property name="java.vm.info" value="mixed mode"/>
    <property name="java.version" value="1.6.0_29"/>
    <property name="java.ext.dirs" value="/Library/Java/Extensions:/System/Library/Java/Extensions:/System/Library/Java/JavaVirtualMachines/1.6.0.jdk/Contents/Home/lib/ext"/>
    <property name="sun.boot.class.path" value="/System/Library/Java/JavaVirtualMachines/1.6.0.jdk/Contents/Classes/jsfd.jar:/System/Library/Java/JavaVirtualMachines/1.6.0.jdk/Contents/Classes/classes.jar:/System/Library/Frameworks/JavaVM.framework/Frameworks/JavaRuntimeSupport.framework/Resources/Java/JavaRuntimeSupport.jar:/System/Library/Java/JavaVirtualMachines/1.6.0.jdk/Contents/Classes/ui.jar:/System/Library/Java/JavaVirtualMachines/1.6.0.jdk/Contents/Classes/laf.jar:/System/Library/Java/JavaVirtualMachines/1.6.0.jdk/Contents/Classes/sunrsasign.jar:/System/Library/Java/JavaVirtualMachines/1.6.0.jdk/Contents/Classes/jsse.jar:/System/Library/Java/JavaVirtualMachines/1.6.0.jdk/Contents/Classes/jce.jar:/System/Library/Java/JavaVirtualMachines/1.6.0.jdk/Contents/Classes/charsets.jar"/>
    <property name="java.vendor" value="Apple Inc."/>
    <property name="localRepository" value="/Users/moer/.m2/repository"/>
    <property name="file.separator" value="/"/>
    <property name="java.vendor.url.bug" value="http://bugreport.apple.com/"/>
    <property name="sun.cpu.endian" value="little"/>
    <property name="sun.io.unicode.encoding" value="UnicodeLittle"/>
    <property name="mrj.version" value="1070.1.6.0_29-402"/>
    <property name="socksNonProxyHosts" value="local|*.local|169.254/16|*.169.254/16"/>
    <property name="ftp.nonProxyHosts" value="local|*.local|169.254/16|*.169.254/16"/>
    <property name="sun.cpu.isalist" value=""/>
  </properties>
  <testcase time="0.552" classname="moer.meetup.persistence.MeetingMapperTest" name="insert"/>
</testsuite>